#Software: Microsoft Internet Information Services 10.0
#Version: 1.0
#Date: 2018-03-15 04:55:29
#Fields: date time s-ip cs-method cs-uri-stem cs-uri-query s-port cs-username c-ip cs(User-Agent) cs(Referer) sc-status sc-substatus sc-win32-status time-taken
2018-03-15 04:55:29 ::1 GET /Default.aspx - 26028 - ::1 Mozilla/5.0+(Windows+NT+10.0;+Win64;+x64)+AppleWebKit/537.36+(KHTML,+like+Gecko)+Chrome/58.0.3029.110+Safari/537.36+Edge/16.16299 - 500 0 0 14789
2018-03-15 04:56:32 ::1 GET /Default.aspx - 26028 - ::1 Mozilla/5.0+(Windows+NT+10.0;+Win64;+x64)+AppleWebKit/537.36+(KHTML,+like+Gecko)+Chrome/58.0.3029.110+Safari/537.36+Edge/16.16299 - 500 0 0 449
2018-03-15 04:59:09 ::1 GET /Default.aspx - 26028 - ::1 Mozilla/5.0+(Windows+NT+10.0;+Win64;+x64)+AppleWebKit/537.36+(KHTML,+like+Gecko)+Chrome/58.0.3029.110+Safari/537.36+Edge/16.16299 - 200 0 0 4907
2018-03-15 04:59:09 ::1 GET /WebResource.axd d=x2nkrMJGXkMELz33nwnakCjEWhkALu_G3_14SClO4RgbWaD6IlX6-la7RX1T5mNve2xJrwjzAckPSewV7b_hkwoTuRndv141q80vqbrJrJs1&t=636423091966474998 26028 - ::1 Mozilla/5.0+(Windows+NT+10.0;+Win64;+x64)+AppleWebKit/537.36+(KHTML,+like+Gecko)+Chrome/58.0.3029.110+Safari/537.36+Edge/16.16299 http://localhost:26028/Default.aspx 200 0 0 112
2018-03-15 04:59:11 ::1 GET /__browserLink/requestData/584bc8d02d2e4f8999e78d02c38d1d90 version=2 26028 - ::1 Mozilla/5.0+(Windows+NT+10.0;+Win64;+x64)+AppleWebKit/537.36+(KHTML,+like+Gecko)+Chrome/58.0.3029.110+Safari/537.36+Edge/16.16299 http://localhost:26028/Default.aspx 200 0 0 379
2018-03-15 05:00:00 ::1 GET /Default.aspx - 26028 - ::1 Mozilla/5.0+(Windows+NT+10.0;+Win64;+x64)+AppleWebKit/537.36+(KHTML,+like+Gecko)+Chrome/58.0.3029.110+Safari/537.36+Edge/16.16299 - 200 0 0 1504
2018-03-15 05:00:00 ::1 GET /__browserLink/requestData/ea4d1d93410e475197aad048ebfb7fa5 version=2 26028 - ::1 Mozilla/5.0+(Windows+NT+10.0;+Win64;+x64)+AppleWebKit/537.36+(KHTML,+like+Gecko)+Chrome/58.0.3029.110+Safari/537.36+Edge/16.16299 http://localhost:26028/Default.aspx 200 0 0 44
2018-03-15 05:00:37 ::1 GET /Default.aspx - 26028 - ::1 Mozilla/5.0+(Windows+NT+10.0;+Win64;+x64)+AppleWebKit/537.36+(KHTML,+like+Gecko)+Chrome/58.0.3029.110+Safari/537.36+Edge/16.16299 - 200 0 0 1385
2018-03-15 05:00:37 ::1 GET /__browserLink/requestData/ce39e6bb9c5c413f9e0d3d6fdd937201 version=2 26028 - ::1 Mozilla/5.0+(Windows+NT+10.0;+Win64;+x64)+AppleWebKit/537.36+(KHTML,+like+Gecko)+Chrome/58.0.3029.110+Safari/537.36+Edge/16.16299 http://localhost:26028/Default.aspx 200 0 0 33
2018-03-15 05:01:50 ::1 GET /Default.aspx - 26028 - ::1 Mozilla/5.0+(Windows+NT+10.0;+Win64;+x64)+AppleWebKit/537.36+(KHTML,+like+Gecko)+Chrome/58.0.3029.110+Safari/537.36+Edge/16.16299 - 200 0 0 2719
2018-03-15 05:01:50 ::1 GET /__browserLink/requestData/cd63dbbc1e184aba8cf9cd0507b98d96 version=2 26028 - ::1 Mozilla/5.0+(Windows+NT+10.0;+Win64;+x64)+AppleWebKit/537.36+(KHTML,+like+Gecko)+Chrome/58.0.3029.110+Safari/537.36+Edge/16.16299 http://localhost:26028/Default.aspx 200 0 0 40
2018-03-15 05:08:33 ::1 GET /Default.aspx - 26028 - ::1 Mozilla/5.0+(Windows+NT+10.0;+Win64;+x64)+AppleWebKit/537.36+(KHTML,+like+Gecko)+Chrome/58.0.3029.110+Safari/537.36+Edge/16.16299 - 200 0 0 1668
2018-03-15 05:08:33 ::1 GET /__browserLink/requestData/d7d8c254f7ab4cc89ccc06b39d7c57d4 version=2 26028 - ::1 Mozilla/5.0+(Windows+NT+10.0;+Win64;+x64)+AppleWebKit/537.36+(KHTML,+like+Gecko)+Chrome/58.0.3029.110+Safari/537.36+Edge/16.16299 http://localhost:26028/Default.aspx 200 0 0 41
2018-03-15 05:08:59 ::1 GET /Default.aspx - 26028 - ::1 Mozilla/5.0+(Windows+NT+10.0;+Win64;+x64)+AppleWebKit/537.36+(KHTML,+like+Gecko)+Chrome/58.0.3029.110+Safari/537.36+Edge/16.16299 - 200 0 0 1269
2018-03-15 05:08:59 ::1 GET /WebResource.axd d=x2nkrMJGXkMELz33nwnakCjEWhkALu_G3_14SClO4RgbWaD6IlX6-la7RX1T5mNve2xJrwjzAckPSewV7b_hkwoTuRndv141q80vqbrJrJs1&t=636423091966474998 26028 - ::1 Mozilla/5.0+(Windows+NT+10.0;+Win64;+x64)+AppleWebKit/537.36+(KHTML,+like+Gecko)+Chrome/58.0.3029.110+Safari/537.36+Edge/16.16299 http://localhost:26028/Default.aspx 304 0 0 41
2018-03-15 05:08:59 ::1 GET /__browserLink/requestData/126e0eb73ed94ad8b6d88bc6c4892797 version=2 26028 - ::1 Mozilla/5.0+(Windows+NT+10.0;+Win64;+x64)+AppleWebKit/537.36+(KHTML,+like+Gecko)+Chrome/58.0.3029.110+Safari/537.36+Edge/16.16299 http://localhost:26028/Default.aspx 200 0 0 52
2018-03-15 05:09:51 ::1 GET /Default.aspx - 26028 - ::1 Mozilla/5.0+(Windows+NT+10.0;+Win64;+x64)+AppleWebKit/537.36+(KHTML,+like+Gecko)+Chrome/58.0.3029.110+Safari/537.36+Edge/16.16299 - 200 0 0 1521
2018-03-15 05:09:51 ::1 GET /__browserLink/requestData/41d4c3a5f81f483b8b2927237a259ac2 version=2 26028 - ::1 Mozilla/5.0+(Windows+NT+10.0;+Win64;+x64)+AppleWebKit/537.36+(KHTML,+like+Gecko)+Chrome/58.0.3029.110+Safari/537.36+Edge/16.16299 http://localhost:26028/Default.aspx 200 0 0 40
2018-03-15 05:12:49 ::1 GET /Default.aspx - 26028 - ::1 Mozilla/5.0+(Windows+NT+10.0;+Win64;+x64)+AppleWebKit/537.36+(KHTML,+like+Gecko)+Chrome/58.0.3029.110+Safari/537.36+Edge/16.16299 - 200 0 0 1707
2018-03-15 05:12:49 ::1 GET /__browserLink/requestData/6a4d242969c9469da1a122a67a75b784 version=2 26028 - ::1 Mozilla/5.0+(Windows+NT+10.0;+Win64;+x64)+AppleWebKit/537.36+(KHTML,+like+Gecko)+Chrome/58.0.3029.110+Safari/537.36+Edge/16.16299 http://localhost:26028/Default.aspx 200 0 0 32
2018-03-15 05:15:27 ::1 GET /Default.aspx - 26028 - ::1 Mozilla/5.0+(Windows+NT+10.0;+Win64;+x64)+AppleWebKit/537.36+(KHTML,+like+Gecko)+Chrome/58.0.3029.110+Safari/537.36+Edge/16.16299 - 200 0 0 1677
2018-03-15 05:15:27 ::1 GET /__browserLink/requestData/97d7a75a714445aabe221a2290cbb081 version=2 26028 - ::1 Mozilla/5.0+(Windows+NT+10.0;+Win64;+x64)+AppleWebKit/537.36+(KHTML,+like+Gecko)+Chrome/58.0.3029.110+Safari/537.36+Edge/16.16299 http://localhost:26028/Default.aspx 200 0 0 41
2018-03-15 05:15:39 ::1 GET /Default.aspx - 26028 - ::1 Mozilla/5.0+(Windows+NT+10.0;+Win64;+x64)+AppleWebKit/537.36+(KHTML,+like+Gecko)+Chrome/58.0.3029.110+Safari/537.36+Edge/16.16299 - 200 0 0 1309
2018-03-15 05:15:39 ::1 GET /WebResource.axd d=x2nkrMJGXkMELz33nwnakCjEWhkALu_G3_14SClO4RgbWaD6IlX6-la7RX1T5mNve2xJrwjzAckPSewV7b_hkwoTuRndv141q80vqbrJrJs1&t=636423091966474998 26028 - ::1 Mozilla/5.0+(Windows+NT+10.0;+Win64;+x64)+AppleWebKit/537.36+(KHTML,+like+Gecko)+Chrome/58.0.3029.110+Safari/537.36+Edge/16.16299 http://localhost:26028/Default.aspx 304 0 0 38
2018-03-15 05:15:39 ::1 GET /__browserLink/requestData/71623e0904274c4c9ba4e4071a9f27d1 version=2 26028 - ::1 Mozilla/5.0+(Windows+NT+10.0;+Win64;+x64)+AppleWebKit/537.36+(KHTML,+like+Gecko)+Chrome/58.0.3029.110+Safari/537.36+Edge/16.16299 http://localhost:26028/Default.aspx 200 0 0 45
2018-03-15 05:15:57 ::1 GET /Default.aspx - 26028 - ::1 Mozilla/5.0+(Windows+NT+10.0;+Win64;+x64)+AppleWebKit/537.36+(KHTML,+like+Gecko)+Chrome/58.0.3029.110+Safari/537.36+Edge/16.16299 - 200 0 0 1189
2018-03-15 05:15:57 ::1 GET /WebResource.axd d=x2nkrMJGXkMELz33nwnakCjEWhkALu_G3_14SClO4RgbWaD6IlX6-la7RX1T5mNve2xJrwjzAckPSewV7b_hkwoTuRndv141q80vqbrJrJs1&t=636423091966474998 26028 - ::1 Mozilla/5.0+(Windows+NT+10.0;+Win64;+x64)+AppleWebKit/537.36+(KHTML,+like+Gecko)+Chrome/58.0.3029.110+Safari/537.36+Edge/16.16299 http://localhost:26028/Default.aspx 304 0 0 24
2018-03-15 05:15:57 ::1 GET /__browserLink/requestData/36645c905f5a489b912d28ae856abcc4 version=2 26028 - ::1 Mozilla/5.0+(Windows+NT+10.0;+Win64;+x64)+AppleWebKit/537.36+(KHTML,+like+Gecko)+Chrome/58.0.3029.110+Safari/537.36+Edge/16.16299 http://localhost:26028/Default.aspx 200 0 0 90
2018-03-15 05:26:47 ::1 GET /Default.aspx - 26028 - ::1 Mozilla/5.0+(Windows+NT+10.0;+Win64;+x64)+AppleWebKit/537.36+(KHTML,+like+Gecko)+Chrome/58.0.3029.110+Safari/537.36+Edge/16.16299 - 500 0 0 1838
2018-03-15 05:27:29 ::1 GET /Default.aspx - 26028 - ::1 Mozilla/5.0+(Windows+NT+10.0;+Win64;+x64)+AppleWebKit/537.36+(KHTML,+like+Gecko)+Chrome/58.0.3029.110+Safari/537.36+Edge/16.16299 - 500 0 0 1373
2018-03-15 05:28:08 ::1 GET /Default.aspx - 26028 - ::1 Mozilla/5.0+(Windows+NT+10.0;+Win64;+x64)+AppleWebKit/537.36+(KHTML,+like+Gecko)+Chrome/58.0.3029.110+Safari/537.36+Edge/16.16299 - 500 0 0 1405
2018-03-15 05:29:21 ::1 GET /Default.aspx - 26028 - ::1 Mozilla/5.0+(Windows+NT+10.0;+Win64;+x64)+AppleWebKit/537.36+(KHTML,+like+Gecko)+Chrome/58.0.3029.110+Safari/537.36+Edge/16.16299 - 500 0 0 1506
2018-03-15 05:30:17 ::1 GET /Default.aspx - 26028 - ::1 Mozilla/5.0+(Windows+NT+10.0;+Win64;+x64)+AppleWebKit/537.36+(KHTML,+like+Gecko)+Chrome/58.0.3029.110+Safari/537.36+Edge/16.16299 - 200 0 0 3949
2018-03-15 05:30:17 ::1 GET /__browserLink/requestData/66b1211d50c24b2ba504fd6655eab698 version=2 26028 - ::1 Mozilla/5.0+(Windows+NT+10.0;+Win64;+x64)+AppleWebKit/537.36+(KHTML,+like+Gecko)+Chrome/58.0.3029.110+Safari/537.36+Edge/16.16299 http://localhost:26028/Default.aspx 200 0 0 60
2018-03-15 05:33:44 ::1 GET /Default.aspx - 26028 - ::1 Mozilla/5.0+(Windows+NT+10.0;+Win64;+x64)+AppleWebKit/537.36+(KHTML,+like+Gecko)+Chrome/58.0.3029.110+Safari/537.36+Edge/16.16299 - 200 0 0 1551
2018-03-15 05:33:44 ::1 GET /WebResource.axd d=pynGkmcFUV13He1Qd6_TZBkMbsCD8Da_ksMvErSIT-dGO2oiL_O_dv_nyPf8sn6DgvDhBtKHOcXXhca1X4exTA2&t=636423091966474998 26028 - ::1 Mozilla/5.0+(Windows+NT+10.0;+Win64;+x64)+AppleWebKit/537.36+(KHTML,+like+Gecko)+Chrome/58.0.3029.110+Safari/537.36+Edge/16.16299 http://localhost:26028/Default.aspx 200 0 0 67
2018-03-15 05:33:44 ::1 GET /__browserLink/requestData/285de3a32d2c4b4da50c9e945e277e68 version=2 26028 - ::1 Mozilla/5.0+(Windows+NT+10.0;+Win64;+x64)+AppleWebKit/537.36+(KHTML,+like+Gecko)+Chrome/58.0.3029.110+Safari/537.36+Edge/16.16299 http://localhost:26028/Default.aspx 200 0 0 45
2018-03-15 05:34:40 ::1 GET /Default.aspx - 26028 - ::1 Mozilla/5.0+(Windows+NT+10.0;+Win64;+x64)+AppleWebKit/537.36+(KHTML,+like+Gecko)+Chrome/58.0.3029.110+Safari/537.36+Edge/16.16299 - 200 0 0 1499
2018-03-15 05:34:40 ::1 GET /__browserLink/requestData/606d26409828479f976c96089d253e26 version=2 26028 - ::1 Mozilla/5.0+(Windows+NT+10.0;+Win64;+x64)+AppleWebKit/537.36+(KHTML,+like+Gecko)+Chrome/58.0.3029.110+Safari/537.36+Edge/16.16299 http://localhost:26028/Default.aspx 200 0 0 29
