Add-in Express Registrator Log File: 07/23/2018 19:55:27

Installation directory: C:\Program Files\WinZip\
Registrator version: 8.4.4395.0
Operating System: Microsoft Windows 10 Professional (build 16299), 64-bit
Process Owner: System
Command Line: "C:\Program Files\WinZip\adxregistrator.exe" /uninstall="C:\Program Files\WinZip\WinZipExpressForOffice.dll" /privileges=admin
Run 'As Administrator': Yes
Process Elevated: Yes
Integrity Level: System
UAC (User Account Control): On
--------------------------------------------------------------
19:55:27 0552 Starting the add-in unregistration process.
19:55:27 0552 Loading mscoree.dll
19:55:27 0552 Success.
19:55:27 0552 .NET Framework installation directory: 
19:55:27 0552 The latest version of .NET Framework: 'v4.0.30319'
19:55:27 0552 Loading CLR: v4.0.30319.
19:55:27 0552 Calling CLRCreateInstance method.
19:55:27 0552 Success.
19:55:27 0552 Calling GetRuntime method.
19:55:27 0552 Success.
19:55:27 0552 Checking if the hosting API of .NET Framework v4.0 beta is installed.
19:55:27 0552 The hosting API is up to date.
19:55:27 0552 Calling GetInterface method for the CorRuntimeHost interface.
19:55:27 0552 Success.
19:55:27 0552 Starting CLR...
19:55:27 0552 Success.
19:55:27 0552 Getting the CLR version.
19:55:27 0552 The CLR v4.0.30319 has been initialized successfully.
19:55:27 0552 Creating a new domain setup.
19:55:27 0552 Success.
19:55:27 0552 The 'shadow copy' is disabled.
19:55:27 0552 Creating a new application domain.
19:55:27 0552 Success.
19:55:27 0552 Getting the base directory for the domain.
19:55:27 0552 Success. The directory is 'C:\Program Files\WinZip\'.
19:55:27 0552 Searching for the Add-in Express core library.
19:55:27 0552 Success. The 'AddinExpress.MSO.2005.dll' file is found.
19:55:27 0552 Creating an instance of the 'AddinExpress.Deployment.ADXRegistrator' class.
19:55:27 0552 Assembly identity is 'AddinExpress.MSO.2005'.
19:55:27 0552 Success.
19:55:27 0552 Unwrapping the instance of the 'AddinExpress.Deployment.ADXRegistrator' class.
19:55:27 0552 Success.
19:55:27 0552 Calling the managed unregistration procedure (DISPID = 1610743823).
19:55:29 0552 Unregistration success.
19:55:29 0552 The add-in unregistration process is completed with HRESULT = 0.
